{
  "stats": {
    "suites": 1,
    "tests": 4,
    "passes": 4,
    "pending": 0,
    "failures": 0,
    "start": "2020-10-03T03:01:25.014Z",
    "end": "2020-10-03T03:01:31.536Z",
    "duration": 6522,
    "testsRegistered": 4,
    "passPercent": 100,
    "pendingPercent": 0,
    "other": 0,
    "hasOther": false,
    "skipped": 0,
    "hasSkipped": false
  },
  "results": [
    {
      "uuid": "76bca34a-cb53-4cb4-8fdb-88f8d2852ddb",
      "title": "",
      "fullFile": "cypress/integration/examples/sauce_demo.spec2.js",
      "file": "cypress/integration/examples/sauce_demo.spec2.js",
      "beforeHooks": [],
      "afterHooks": [],
      "tests": [],
      "suites": [
        {
          "uuid": "13807091-2044-42de-81b1-072b031ca626",
          "title": "Sauce Demo Test",
          "fullFile": "",
          "file": "",
          "beforeHooks": [],
          "afterHooks": [],
          "tests": [
            {
              "title": "Login to the site with valid credentials and verify Cart is Empty",
              "fullTitle": "Sauce Demo Test Login to the site with valid credentials and verify Cart is Empty",
              "timedOut": null,
              "duration": 2725,
              "state": "passed",
              "speed": "slow",
              "pass": true,
              "fail": false,
              "pending": false,
              "context": null,
              "code": "var loginPage = new _LoginPage[\"default\"]();\nvar homePage = new _HomePage[\"default\"]();\ncy.visit(Cypress.env('url'));\nloginPage.getUserName().type(this.data.username);\nloginPage.getPassword().type(this.data.password);\nloginPage.getLoginBtn().click();\nhomePage.getCartCount().should('not.exist');",
              "err": {},
              "uuid": "4bb2c4a2-8abb-4b0b-a175-c34ff17ed644",
              "parentUUID": "13807091-2044-42de-81b1-072b031ca626",
              "isHook": false,
              "skipped": false
            },
            {
              "title": "Add all products in the cart with the word ‘Shirt’ and verify Cart value is equal to the products added",
              "fullTitle": "Sauce Demo Test Add all products in the cart with the word ‘Shirt’ and verify Cart value is equal to the products added",
              "timedOut": null,
              "duration": 425,
              "state": "passed",
              "speed": "slow",
              "pass": true,
              "fail": false,
              "pending": false,
              "context": null,
              "code": "var homePage = new _HomePage[\"default\"]();\nvar productNameArray = [];\nvar productCount;\nhomePage.getAllProductName().each(function ($el, index, $list) {\n  if ($el.text().includes(\"Shirt\")) {\n    productNameArray.push($el.text());\n    var productCount = productNameArray.length;\n    index = index - (productCount - 1);\n    homePage.getAddToCartBtn().eq(index).click();\n  }\n}).then(function () {\n  productCount = productNameArray.length;\n});\nhomePage.getCartCount().then(function (element) {\n  var cartCount = element.text();\n  expect(productCount).to.eql(parseInt(cartCount));\n});",
              "err": {},
              "uuid": "b71ff59a-6590-46c9-8748-f32cc91a4013",
              "parentUUID": "13807091-2044-42de-81b1-072b031ca626",
              "isHook": false,
              "skipped": false
            },
            {
              "title": "Go to the Cart and verify all products details",
              "fullTitle": "Sauce Demo Test Go to the Cart and verify all products details",
              "timedOut": null,
              "duration": 504,
              "state": "passed",
              "speed": "slow",
              "pass": true,
              "fail": false,
              "pending": false,
              "context": null,
              "code": "var homePage = new _HomePage[\"default\"]();\nvar cartPage = new _CartPage[\"default\"]();\nhomePage.getCartBtn().click();\ncartPage.getAllProductName().each(function ($el, index, $list) {\n  expect($el.text()).to.include(\"Shirt\");\n  cartPage.getProductQty().eq(index).should('contain.text', '1');\n});\ncartPage.getCheckoutBtn().click();\ncartPage.getCheckoutHeader().should('contain.text', 'Checkout: Your Information');",
              "err": {},
              "uuid": "c701bbf3-d929-46a5-a24b-d9fe78d35dce",
              "parentUUID": "13807091-2044-42de-81b1-072b031ca626",
              "isHook": false,
              "skipped": false
            },
            {
              "title": "Proceed to Final payment and verify order is successfully placed",
              "fullTitle": "Sauce Demo Test Proceed to Final payment and verify order is successfully placed",
              "timedOut": null,
              "duration": 1312,
              "state": "passed",
              "speed": "slow",
              "pass": true,
              "fail": false,
              "pending": false,
              "context": null,
              "code": "var checkoutPage = new _CheckoutPage[\"default\"]();\ncheckoutPage.getFirstName().type('test first');\ncheckoutPage.getLastName().type('test last');\ncheckoutPage.getPostalCode().type('11111');\ncheckoutPage.getContinueBtn().click();\ncheckoutPage.getFinishBtn().click();\ncheckoutPage.getOrderPlacedMsg().should('contain.text', 'THANK YOU FOR YOUR ORDER');",
              "err": {},
              "uuid": "e70a4e56-4fb7-45a6-85eb-3cf9ab2b500c",
              "parentUUID": "13807091-2044-42de-81b1-072b031ca626",
              "isHook": false,
              "skipped": false
            }
          ],
          "suites": [],
          "passes": [
            "4bb2c4a2-8abb-4b0b-a175-c34ff17ed644",
            "b71ff59a-6590-46c9-8748-f32cc91a4013",
            "c701bbf3-d929-46a5-a24b-d9fe78d35dce",
            "e70a4e56-4fb7-45a6-85eb-3cf9ab2b500c"
          ],
          "failures": [],
          "pending": [],
          "skipped": [],
          "duration": 4966,
          "root": false,
          "rootEmpty": false,
          "_timeout": 2000
        }
      ],
      "passes": [],
      "failures": [],
      "pending": [],
      "skipped": [],
      "duration": 0,
      "root": true,
      "rootEmpty": true,
      "_timeout": 2000
    }
  ],
  "meta": {
    "mocha": {
      "version": "7.0.1"
    },
    "mochawesome": {
      "options": {
        "quiet": false,
        "reportFilename": "mochawesome",
        "saveHtml": true,
        "saveJson": true,
        "consoleReporter": "spec",
        "useInlineDiffs": false,
        "code": true
      },
      "version": "6.1.1"
    },
    "marge": {
      "options": null,
      "version": "5.1.0"
    }
  }
}