{
  "stats": {
    "suites": 1,
    "tests": 4,
    "passes": 4,
    "pending": 0,
    "failures": 0,
    "start": "2020-10-06T04:42:06.692Z",
    "end": "2020-10-06T04:42:15.171Z",
    "duration": 8479,
    "testsRegistered": 4,
    "passPercent": 100,
    "pendingPercent": 0,
    "other": 0,
    "hasOther": false,
    "skipped": 0,
    "hasSkipped": false
  },
  "results": [
    {
      "uuid": "21e475e0-892f-422a-afdf-e848ae1d26aa",
      "title": "",
      "fullFile": "cypress/integration/examples/sauce_demo.spec.js",
      "file": "cypress/integration/examples/sauce_demo.spec.js",
      "beforeHooks": [],
      "afterHooks": [],
      "tests": [],
      "suites": [
        {
          "uuid": "a079b804-6e66-41e6-9ed6-c13cfa5d45d1",
          "title": "Sauce Demo Test",
          "fullFile": "",
          "file": "",
          "beforeHooks": [],
          "afterHooks": [],
          "tests": [
            {
              "title": "Login to the site with valid credentials and verify Cart is Empty",
              "fullTitle": "Sauce Demo Test Login to the site with valid credentials and verify Cart is Empty",
              "timedOut": null,
              "duration": 3408,
              "state": "passed",
              "speed": "slow",
              "pass": true,
              "fail": false,
              "pending": false,
              "context": null,
              "code": "var loginPage = new _LoginPage[\"default\"]();\nvar homePage = new _HomePage[\"default\"]();\ncy.visit(Cypress.env('url'));\nloginPage.getUserName().type(this.data.username);\nloginPage.getPassword().type(this.data.password);\nloginPage.getLoginBtn().click();\nhomePage.getCartCount().should('not.exist');",
              "err": {},
              "uuid": "3bff8874-c331-40e4-9b6e-476ecea458fc",
              "parentUUID": "a079b804-6e66-41e6-9ed6-c13cfa5d45d1",
              "isHook": false,
              "skipped": false
            },
            {
              "title": "Add all products in the cart with the word ‘Shirt’ and verify Cart value is equal to the products added",
              "fullTitle": "Sauce Demo Test Add all products in the cart with the word ‘Shirt’ and verify Cart value is equal to the products added",
              "timedOut": null,
              "duration": 505,
              "state": "passed",
              "speed": "slow",
              "pass": true,
              "fail": false,
              "pending": false,
              "context": null,
              "code": "var homePage = new _HomePage[\"default\"]();\nvar productNameArray = [];\nvar productCount;\nhomePage.getAllProductName().each(function ($el, index, $list) {\n  if ($el.text().includes(\"Shirt\")) {\n    productNameArray.push($el.text());\n    var productCount = productNameArray.length;\n    index = index - (productCount - 1);\n    homePage.getAddToCartBtn().eq(index).click();\n  }\n}).then(function () {\n  productCount = productNameArray.length;\n});\nhomePage.getCartCount().then(function (element) {\n  var cartCount = element.text();\n  expect(productCount).to.eql(parseInt(cartCount));\n});",
              "err": {},
              "uuid": "51d0a0c3-c106-46f3-9174-2533a28c5a2b",
              "parentUUID": "a079b804-6e66-41e6-9ed6-c13cfa5d45d1",
              "isHook": false,
              "skipped": false
            },
            {
              "title": "Go to the Cart and verify all products details",
              "fullTitle": "Sauce Demo Test Go to the Cart and verify all products details",
              "timedOut": null,
              "duration": 808,
              "state": "passed",
              "speed": "slow",
              "pass": true,
              "fail": false,
              "pending": false,
              "context": null,
              "code": "var homePage = new _HomePage[\"default\"]();\nvar cartPage = new _CartPage[\"default\"]();\nhomePage.getCartBtn().click();\ncartPage.getAllProductName().each(function ($el, index, $list) {\n  expect($el.text()).to.include(\"Shirt\");\n  cartPage.getProductQty().eq(index).should('contain.text', '1');\n});\ncartPage.getCheckoutBtn().click();\ncartPage.getCheckoutHeader().should('contain.text', 'Checkout: Your Information');",
              "err": {},
              "uuid": "375a2d88-48a5-4b01-8ca4-0108d838e5e2",
              "parentUUID": "a079b804-6e66-41e6-9ed6-c13cfa5d45d1",
              "isHook": false,
              "skipped": false
            },
            {
              "title": "Proceed to Final payment and verify order is successfully placed",
              "fullTitle": "Sauce Demo Test Proceed to Final payment and verify order is successfully placed",
              "timedOut": null,
              "duration": 1773,
              "state": "passed",
              "speed": "slow",
              "pass": true,
              "fail": false,
              "pending": false,
              "context": null,
              "code": "var checkoutPage = new _CheckoutPage[\"default\"]();\ncheckoutPage.getFirstName().type('test first');\ncheckoutPage.getLastName().type('test last');\ncheckoutPage.getPostalCode().type('11111');\ncheckoutPage.getContinueBtn().click();\ncheckoutPage.getFinishBtn().click();\ncheckoutPage.getOrderPlacedMsg().should('contain.text', 'THANK YOU FOR YOUR ORDER');",
              "err": {},
              "uuid": "bd3c0adf-17ab-4abe-81a5-404eba136c12",
              "parentUUID": "a079b804-6e66-41e6-9ed6-c13cfa5d45d1",
              "isHook": false,
              "skipped": false
            }
          ],
          "suites": [],
          "passes": [
            "3bff8874-c331-40e4-9b6e-476ecea458fc",
            "51d0a0c3-c106-46f3-9174-2533a28c5a2b",
            "375a2d88-48a5-4b01-8ca4-0108d838e5e2",
            "bd3c0adf-17ab-4abe-81a5-404eba136c12"
          ],
          "failures": [],
          "pending": [],
          "skipped": [],
          "duration": 6494,
          "root": false,
          "rootEmpty": false,
          "_timeout": 2000
        }
      ],
      "passes": [],
      "failures": [],
      "pending": [],
      "skipped": [],
      "duration": 0,
      "root": true,
      "rootEmpty": true,
      "_timeout": 2000
    }
  ],
  "meta": {
    "mocha": {
      "version": "7.0.1"
    },
    "mochawesome": {
      "options": {
        "quiet": false,
        "reportFilename": "mochawesome",
        "saveHtml": true,
        "saveJson": true,
        "consoleReporter": "spec",
        "useInlineDiffs": false,
        "code": true
      },
      "version": "6.1.1"
    },
    "marge": {
      "options": null,
      "version": "5.1.0"
    }
  }
}