{
  "stats": {
    "suites": 1,
    "tests": 4,
    "passes": 4,
    "pending": 0,
    "failures": 0,
    "start": "2020-10-03T02:42:54.356Z",
    "end": "2020-10-03T02:43:01.163Z",
    "duration": 6807,
    "testsRegistered": 4,
    "passPercent": 100,
    "pendingPercent": 0,
    "other": 0,
    "hasOther": false,
    "skipped": 0,
    "hasSkipped": false
  },
  "results": [
    {
      "uuid": "53a34ba1-1e4b-42d6-bbd7-063fd87becb7",
      "title": "",
      "fullFile": "cypress/integration/examples/sauce_demo.spec2.js",
      "file": "cypress/integration/examples/sauce_demo.spec2.js",
      "beforeHooks": [],
      "afterHooks": [],
      "tests": [],
      "suites": [
        {
          "uuid": "6bb408ca-5228-4f3f-911f-70b125796fbd",
          "title": "Sauce Demo Test",
          "fullFile": "",
          "file": "",
          "beforeHooks": [],
          "afterHooks": [],
          "tests": [
            {
              "title": "Login to the site with valid credentials and verify Cart is Empty",
              "fullTitle": "Sauce Demo Test Login to the site with valid credentials and verify Cart is Empty",
              "timedOut": null,
              "duration": 3269,
              "state": "passed",
              "speed": "slow",
              "pass": true,
              "fail": false,
              "pending": false,
              "context": null,
              "code": "var loginPage = new _LoginPage[\"default\"]();\nvar homePage = new _HomePage[\"default\"]();\ncy.visit(Cypress.env('url'));\nloginPage.getUserName().type(this.data.username);\nloginPage.getPassword().type(this.data.password);\nloginPage.getLoginBtn().click();\nhomePage.getCartCount().should('not.exist');",
              "err": {},
              "uuid": "a83ee588-4fc8-4c46-b9a8-22b4c7180686",
              "parentUUID": "6bb408ca-5228-4f3f-911f-70b125796fbd",
              "isHook": false,
              "skipped": false
            },
            {
              "title": "Add all products in the cart with the word ‘Shirt’ and verify Cart value is equal to the products added",
              "fullTitle": "Sauce Demo Test Add all products in the cart with the word ‘Shirt’ and verify Cart value is equal to the products added",
              "timedOut": null,
              "duration": 403,
              "state": "passed",
              "speed": "slow",
              "pass": true,
              "fail": false,
              "pending": false,
              "context": null,
              "code": "var homePage = new _HomePage[\"default\"]();\nvar productNameArray = [];\nvar productCount;\nhomePage.getAllProductName().each(function ($el, index, $list) {\n  if ($el.text().includes(\"Shirt\")) {\n    productNameArray.push($el.text());\n    var productCount = productNameArray.length;\n    index = index - (productCount - 1);\n    homePage.getAddToCartBtn().eq(index).click();\n  }\n}).then(function () {\n  productCount = productNameArray.length;\n});\nhomePage.getCartCount().then(function (element) {\n  var cartCount = element.text();\n  expect(productCount).to.eql(parseInt(cartCount));\n});",
              "err": {},
              "uuid": "c0587803-8b92-4b54-b924-916adc28eed7",
              "parentUUID": "6bb408ca-5228-4f3f-911f-70b125796fbd",
              "isHook": false,
              "skipped": false
            },
            {
              "title": "Go to the Cart and verify all products details",
              "fullTitle": "Sauce Demo Test Go to the Cart and verify all products details",
              "timedOut": null,
              "duration": 379,
              "state": "passed",
              "speed": "slow",
              "pass": true,
              "fail": false,
              "pending": false,
              "context": null,
              "code": "var homePage = new _HomePage[\"default\"]();\nvar cartPage = new _CartPage[\"default\"]();\nhomePage.getCartBtn().click();\ncartPage.getAllProductName().each(function ($el, index, $list) {\n  expect($el.text()).to.include(\"Shirt\");\n  cartPage.getProductQty().eq(index).should('contain.text', '1');\n});\ncartPage.getCheckoutBtn().click();\ncartPage.getCheckoutHeader().should('contain.text', 'Checkout: Your Information');",
              "err": {},
              "uuid": "5c1bdc8c-71b5-4502-aba2-1f620db7d884",
              "parentUUID": "6bb408ca-5228-4f3f-911f-70b125796fbd",
              "isHook": false,
              "skipped": false
            },
            {
              "title": "Proceed to Final payment and verify order is successfully placed",
              "fullTitle": "Sauce Demo Test Proceed to Final payment and verify order is successfully placed",
              "timedOut": null,
              "duration": 1251,
              "state": "passed",
              "speed": "slow",
              "pass": true,
              "fail": false,
              "pending": false,
              "context": null,
              "code": "var checkoutPage = new _CheckoutPage[\"default\"]();\ncheckoutPage.getFirstName().type('test first');\ncheckoutPage.getLastName().type('test last');\ncheckoutPage.getPostalCode().type('11111');\ncheckoutPage.getContinueBtn().click();\ncheckoutPage.getFinishBtn().click();\ncheckoutPage.getOrderPlacedMsg().should('contain.text', 'THANK YOU FOR YOUR ORDER');",
              "err": {},
              "uuid": "d6a541dc-5492-4b7e-b184-bd9a90bdace9",
              "parentUUID": "6bb408ca-5228-4f3f-911f-70b125796fbd",
              "isHook": false,
              "skipped": false
            }
          ],
          "suites": [],
          "passes": [
            "a83ee588-4fc8-4c46-b9a8-22b4c7180686",
            "c0587803-8b92-4b54-b924-916adc28eed7",
            "5c1bdc8c-71b5-4502-aba2-1f620db7d884",
            "d6a541dc-5492-4b7e-b184-bd9a90bdace9"
          ],
          "failures": [],
          "pending": [],
          "skipped": [],
          "duration": 5302,
          "root": false,
          "rootEmpty": false,
          "_timeout": 2000
        }
      ],
      "passes": [],
      "failures": [],
      "pending": [],
      "skipped": [],
      "duration": 0,
      "root": true,
      "rootEmpty": true,
      "_timeout": 2000
    }
  ],
  "meta": {
    "mocha": {
      "version": "7.0.1"
    },
    "mochawesome": {
      "options": {
        "quiet": false,
        "reportFilename": "mochawesome",
        "saveHtml": true,
        "saveJson": true,
        "consoleReporter": "spec",
        "useInlineDiffs": false,
        "code": true
      },
      "version": "6.1.1"
    },
    "marge": {
      "options": null,
      "version": "5.1.0"
    }
  }
}